<?xml version="1.0" encoding="UTF-8"?>
<robot generator="Robot 4.1.2 (Python 3.9.0 on win32)" generated="20211221 10:00:43.187" rpa="false" schemaversion="2">
<suite id="s1" name="Update" source="C:\RobotExpert\bodytest\App Action\testes\students\update.robot">
<kw name="Start Browser Session" library="base" type="SETUP">
<kw name="New Browser" library="Browser">
<arg>chromium</arg>
<arg>False</arg>
<tag>BrowserControl</tag>
<tag>Setter</tag>
<doc>Create a new playwright Browser with specified options.</doc>
<msg timestamp="20211221 10:00:51.346" level="INFO">{"browser": "chromium", "headless": false, "handleSIGINT": true, "handleSIGTERM": true, "handleSIGHUP": true, "timeout": 30000.0, "devtools": false, "slowMo": 0.0, "tracesDir": "C:\\RobotExpert\\bodytest\\App Action\\logs\\browser\\traces\\cf465ec8-c321-470e-bed1-dafc058ae10a"}</msg>
<msg timestamp="20211221 10:00:55.731" level="INFO">Successfully created browser with options: {"browser":"chromium","headless":false,"handleSIGINT":true,"handleSIGTERM":true,"handleSIGHUP":true,"timeout":30000,"devtools":false,"slowMo":0,"tracesDir":"C:\\RobotExpert\\bodytest\\App Action\\logs\\browser\\traces\\cf465ec8-c321-470e-bed1-dafc058ae10a"}</msg>
<status status="PASS" starttime="20211221 10:00:51.345" endtime="20211221 10:00:55.731"/>
</kw>
<kw name="New Page" library="Browser">
<arg>about:blank</arg>
<tag>BrowserControl</tag>
<tag>Setter</tag>
<doc>Open a new Page.</doc>
<msg timestamp="20211221 10:00:56.622" level="INFO">Successfully initialized new page object and opened url: about:blank</msg>
<msg timestamp="20211221 10:00:56.623" level="INFO">No context was open. New context was automatically opened when this page is created.</msg>
<status status="PASS" starttime="20211221 10:00:55.732" endtime="20211221 10:00:56.623"/>
</kw>
<status status="PASS" starttime="20211221 10:00:51.345" endtime="20211221 10:00:56.623"/>
</kw>
<test id="s1-t1" name="Cenário: Atualizar um aluno já cadastrado">
<kw name="Start Admin Session" library="base" type="SETUP">
<kw name="Go To Login Page" library="auth">
<kw name="Go To" library="Browser">
<arg>https://bodytest-web-muginoski.herokuapp.com/</arg>
<tag>BrowserControl</tag>
<tag>Setter</tag>
<doc>Navigates to the given ``url``.</doc>
<msg timestamp="20211221 10:01:00.641" level="INFO">Successfully opened URL https://bodytest-web-muginoski.herokuapp.com/</msg>
<status status="PASS" starttime="20211221 10:00:56.638" endtime="20211221 10:01:00.642"/>
</kw>
<status status="PASS" starttime="20211221 10:00:56.638" endtime="20211221 10:01:00.642"/>
</kw>
<kw name="Login With" library="auth">
<arg>admin@bodytest.com</arg>
<arg>pwd123</arg>
<kw name="Fill Text" library="Browser">
<arg>css=input[name=email]</arg>
<arg>${email}</arg>
<tag>PageContent</tag>
<tag>Setter</tag>
<doc>Clears and fills the given ``txt`` into the text field found by ``selector``.</doc>
<msg timestamp="20211221 10:01:00.646" level="INFO">Fills the text 'admin@bodytest.com' in the given field.</msg>
<status status="PASS" starttime="20211221 10:01:00.645" endtime="20211221 10:01:00.731"/>
</kw>
<kw name="Fill Text" library="Browser">
<arg>css=input[placeholder*=senha]</arg>
<arg>${password}</arg>
<tag>PageContent</tag>
<tag>Setter</tag>
<doc>Clears and fills the given ``txt`` into the text field found by ``selector``.</doc>
<msg timestamp="20211221 10:01:00.732" level="INFO">Fills the text 'pwd123' in the given field.</msg>
<status status="PASS" starttime="20211221 10:01:00.731" endtime="20211221 10:01:00.769"/>
</kw>
<kw name="Click" library="Browser">
<arg>text=Entrar</arg>
<tag>PageContent</tag>
<tag>Setter</tag>
<doc>Simulates mouse click on the element found by ``selector``.</doc>
<status status="PASS" starttime="20211221 10:01:00.769" endtime="20211221 10:01:00.898"/>
</kw>
<status status="PASS" starttime="20211221 10:01:00.642" endtime="20211221 10:01:00.898"/>
</kw>
<kw name="User Should Be Logged in" library="nav">
<arg>Administrador</arg>
<kw name="Get Text" library="Browser">
<arg>css=aside strong</arg>
<arg>should be</arg>
<arg>${user_name}</arg>
<tag>Assertion</tag>
<tag>Getter</tag>
<tag>PageContent</tag>
<doc>Returns text attribute of the element found by ``selector``.</doc>
<status status="PASS" starttime="20211221 10:01:00.899" endtime="20211221 10:01:01.975"/>
</kw>
<status status="PASS" starttime="20211221 10:01:00.898" endtime="20211221 10:01:01.976"/>
</kw>
<status status="PASS" starttime="20211221 10:00:56.637" endtime="20211221 10:01:01.976"/>
</kw>
<kw name="Get JSON" library="base">
<var>${fixture}</var>
<arg>students-update.json</arg>
<kw name="Get File" library="OperatingSystem">
<var>${file}</var>
<arg>${EXECDIR}/resources/fixtures/${file_name}</arg>
<doc>Returns the contents of a specified file.</doc>
<msg timestamp="20211221 10:01:01.981" level="INFO" html="true">Getting file '&lt;a href="file://C:\RobotExpert\bodytest\App Action\resources\fixtures\students-update.json"&gt;C:\RobotExpert\bodytest\App Action\resources\fixtures\students-update.json&lt;/a&gt;'.</msg>
<msg timestamp="20211221 10:01:02.000" level="INFO">${file} = {
    "before": {
    "name": "Kamala Khan",
    "email": "kamalakhan@gmail.com",
    "age": 15,
    "weight": 60,
    "feet_tall": 1.70
    },

    "after": {
    "name": "Miss Marvel",
    "email": ...</msg>
<status status="PASS" starttime="20211221 10:01:01.980" endtime="20211221 10:01:02.000"/>
</kw>
<kw name="Evaluate" library="BuiltIn">
<var>${json_object}</var>
<arg>json.loads($file)</arg>
<arg>json</arg>
<doc>Evaluates the given expression in Python and returns the result.</doc>
<msg timestamp="20211221 10:01:02.019" level="INFO">${json_object} = {'before': {'name': 'Kamala Khan', 'email': 'kamalakhan@gmail.com', 'age': 15, 'weight': 60, 'feet_tall': 1.7}, 'after': {'name': 'Miss Marvel', 'email': 'miss@marvel.com', 'age': 16, 'weight': 65, 'f...</msg>
<status status="PASS" starttime="20211221 10:01:02.001" endtime="20211221 10:01:02.019"/>
</kw>
<msg timestamp="20211221 10:01:02.020" level="INFO">${fixture} = {'before': {'name': 'Kamala Khan', 'email': 'kamalakhan@gmail.com', 'age': 15, 'weight': 60, 'feet_tall': 1.7}, 'after': {'name': 'Miss Marvel', 'email': 'miss@marvel.com', 'age': 16, 'weight': 65, 'f...</msg>
<status status="PASS" starttime="20211221 10:01:01.979" endtime="20211221 10:01:02.020"/>
</kw>
<kw name="Set Variable" library="BuiltIn">
<var>${kamalakhan}</var>
<arg>${fixture['before']}</arg>
<doc>Returns the given values which can then be assigned to a variables.</doc>
<msg timestamp="20211221 10:01:02.023" level="INFO">${kamalakhan} = {'name': 'Kamala Khan', 'email': 'kamalakhan@gmail.com', 'age': 15, 'weight': 60, 'feet_tall': 1.7}</msg>
<status status="PASS" starttime="20211221 10:01:02.022" endtime="20211221 10:01:02.023"/>
</kw>
<kw name="Set Variable" library="BuiltIn">
<var>${missmarvel}</var>
<arg>${fixture['after']}</arg>
<doc>Returns the given values which can then be assigned to a variables.</doc>
<msg timestamp="20211221 10:01:02.026" level="INFO">${missmarvel} = {'name': 'Miss Marvel', 'email': 'miss@marvel.com', 'age': 16, 'weight': 65, 'feet_tall': 1.72}</msg>
<status status="PASS" starttime="20211221 10:01:02.025" endtime="20211221 10:01:02.026"/>
</kw>
<kw name="Remove Student By Name" library="DeloreanLibrary">
<arg>${kamalakhan['name']}</arg>
<msg timestamp="20211221 10:01:02.029" level="INFO">delete from students where name LIKE '%Kamala Khan%' </msg>
<status status="PASS" starttime="20211221 10:01:02.028" endtime="20211221 10:01:03.543"/>
</kw>
<kw name="Remove Student By Name" library="DeloreanLibrary">
<arg>${missmarvel['name']}</arg>
<msg timestamp="20211221 10:01:03.545" level="INFO">delete from students where name LIKE '%Miss Marvel%' </msg>
<status status="PASS" starttime="20211221 10:01:03.544" endtime="20211221 10:01:04.996"/>
</kw>
<kw name="Insert Student" library="DeloreanLibrary">
<arg>${kamalakhan}</arg>
<msg timestamp="20211221 10:01:05.000" level="INFO">delete from students where email = 'kamalakhan@gmail.com' </msg>
<msg timestamp="20211221 10:01:06.419" level="INFO">insert into students (name, email, age, weight, feet_tall, created_at, updated_at)values('Kamala Khan', 'kamalakhan@gmail.com', 15, 60, 1.7, now(), now());</msg>
<status status="PASS" starttime="20211221 10:01:04.999" endtime="20211221 10:01:07.885"/>
</kw>
<kw name="Go To Students" library="nav">
<kw name="Click" library="Browser">
<arg>css=a[href$=alunos]</arg>
<tag>PageContent</tag>
<tag>Setter</tag>
<doc>Simulates mouse click on the element found by ``selector``.</doc>
<status status="PASS" starttime="20211221 10:01:07.889" endtime="20211221 10:01:08.007"/>
</kw>
<kw name="Wait For Elements State" library="Browser">
<arg>css=h1 &gt;&gt; text=Gestão de Alunos</arg>
<arg>visible</arg>
<arg>5</arg>
<tag>PageContent</tag>
<tag>Wait</tag>
<doc>Waits for the element found by ``selector`` to satisfy state option.</doc>
<msg timestamp="20211221 10:01:08.042" level="INFO">Waited for Element with selector css=h1 &gt;&gt; text=Gestão de Alunos at state visible</msg>
<status status="PASS" starttime="20211221 10:01:08.007" endtime="20211221 10:01:08.042"/>
</kw>
<status status="PASS" starttime="20211221 10:01:07.887" endtime="20211221 10:01:08.043"/>
</kw>
<kw name="Search Student By Name" library="students">
<arg>${kamalakhan['name']}</arg>
<kw name="Fill Text" library="Browser">
<arg>css=input[placeholder="Buscar aluno"]</arg>
<arg>${name}</arg>
<tag>PageContent</tag>
<tag>Setter</tag>
<doc>Clears and fills the given ``txt`` into the text field found by ``selector``.</doc>
<msg timestamp="20211221 10:01:08.046" level="INFO">Fills the text 'Kamala Khan' in the given field.</msg>
<status status="PASS" starttime="20211221 10:01:08.046" endtime="20211221 10:01:08.102"/>
</kw>
<status status="PASS" starttime="20211221 10:01:08.044" endtime="20211221 10:01:08.103"/>
</kw>
<kw name="Go To Student Update Form">
<arg>${kamalakhan['email']}</arg>
<kw name="Click" library="Browser">
<arg>xpath=//td[contains(text(),"${email}")]/..//a[@class="edit"]</arg>
<tag>PageContent</tag>
<tag>Setter</tag>
<doc>Simulates mouse click on the element found by ``selector``.</doc>
<status status="PASS" starttime="20211221 10:01:08.105" endtime="20211221 10:01:08.491"/>
</kw>
<kw name="Wait For Elements State" library="Browser">
<arg>css=h1 &gt;&gt; text="Edição de aluno"</arg>
<arg>visible</arg>
<arg>5</arg>
<tag>PageContent</tag>
<tag>Wait</tag>
<doc>Waits for the element found by ``selector`` to satisfy state option.</doc>
<msg timestamp="20211221 10:01:08.506" level="INFO">Waited for Element with selector css=h1 &gt;&gt; text="Edição de aluno" at state visible</msg>
<status status="PASS" starttime="20211221 10:01:08.491" endtime="20211221 10:01:08.506"/>
</kw>
<status status="PASS" starttime="20211221 10:01:08.104" endtime="20211221 10:01:08.506"/>
</kw>
<kw name="Update Student" library="students">
<arg>${missmarvel}</arg>
<kw name="Fill Text" library="Browser">
<arg>${NAME_FIELD}</arg>
<arg>${student['name']}</arg>
<tag>PageContent</tag>
<tag>Setter</tag>
<doc>Clears and fills the given ``txt`` into the text field found by ``selector``.</doc>
<msg timestamp="20211221 10:01:08.508" level="INFO">Fills the text 'Miss Marvel' in the given field.</msg>
<status status="PASS" starttime="20211221 10:01:08.507" endtime="20211221 10:01:08.559"/>
</kw>
<kw name="Fill Text" library="Browser">
<arg>${EMAIL_FIELD}</arg>
<arg>${student['email']}</arg>
<tag>PageContent</tag>
<tag>Setter</tag>
<doc>Clears and fills the given ``txt`` into the text field found by ``selector``.</doc>
<msg timestamp="20211221 10:01:08.562" level="INFO">Fills the text 'miss@marvel.com' in the given field.</msg>
<status status="PASS" starttime="20211221 10:01:08.560" endtime="20211221 10:01:08.590"/>
</kw>
<kw name="Fill Text" library="Browser">
<arg>${AGE_FIELD}</arg>
<arg>${student['age']}</arg>
<tag>PageContent</tag>
<tag>Setter</tag>
<doc>Clears and fills the given ``txt`` into the text field found by ``selector``.</doc>
<msg timestamp="20211221 10:01:08.591" level="INFO">Fills the text '16' in the given field.</msg>
<status status="PASS" starttime="20211221 10:01:08.590" endtime="20211221 10:01:08.629"/>
</kw>
<kw name="Fill Text" library="Browser">
<arg>${WEIGHT_FIELD}</arg>
<arg>${student['weight']}</arg>
<tag>PageContent</tag>
<tag>Setter</tag>
<doc>Clears and fills the given ``txt`` into the text field found by ``selector``.</doc>
<msg timestamp="20211221 10:01:08.632" level="INFO">Fills the text '65' in the given field.</msg>
<status status="PASS" starttime="20211221 10:01:08.630" endtime="20211221 10:01:08.670"/>
</kw>
<kw name="Fill Text" library="Browser">
<arg>${FEET_TALL_FIELD}</arg>
<arg>${student['feet_tall']}</arg>
<tag>PageContent</tag>
<tag>Setter</tag>
<doc>Clears and fills the given ``txt`` into the text field found by ``selector``.</doc>
<msg timestamp="20211221 10:01:08.672" level="INFO">Fills the text '1.72' in the given field.</msg>
<status status="PASS" starttime="20211221 10:01:08.670" endtime="20211221 10:01:08.704"/>
</kw>
<kw name="Submit Student Form" library="students">
<kw name="Click" library="Browser">
<arg>xpath=//button[contains(text(),"Salvar")]</arg>
<tag>PageContent</tag>
<tag>Setter</tag>
<doc>Simulates mouse click on the element found by ``selector``.</doc>
<status status="PASS" starttime="20211221 10:01:08.704" endtime="20211221 10:01:08.833"/>
</kw>
<status status="PASS" starttime="20211221 10:01:08.704" endtime="20211221 10:01:08.834"/>
</kw>
<status status="PASS" starttime="20211221 10:01:08.507" endtime="20211221 10:01:08.834"/>
</kw>
<kw name="Toaster Text Should Be" library="components">
<arg>Aluno Atualizado com sucesso.</arg>
<kw name="Wait For Elements State" library="Browser">
<arg>css=.Toastify__toast-body &gt;&gt; text=${expected_text}</arg>
<arg>visible</arg>
<arg>7</arg>
<tag>PageContent</tag>
<tag>Wait</tag>
<doc>Waits for the element found by ``selector`` to satisfy state option.</doc>
<msg timestamp="20211221 10:01:09.522" level="INFO">Waited for Element with selector css=.Toastify__toast-body &gt;&gt; text=Aluno Atualizado com sucesso. at state visible</msg>
<status status="PASS" starttime="20211221 10:01:08.836" endtime="20211221 10:01:09.523"/>
</kw>
<status status="PASS" starttime="20211221 10:01:08.835" endtime="20211221 10:01:09.523"/>
</kw>
<kw name="Thinking And Take Screenshot" library="base">
<arg>2</arg>
<kw name="Sleep" library="BuiltIn">
<arg>${timeout}</arg>
<doc>Pauses the test executed for the given time.</doc>
<msg timestamp="20211221 10:01:11.534" level="INFO">Slept 2 seconds</msg>
<status status="PASS" starttime="20211221 10:01:09.525" endtime="20211221 10:01:11.535"/>
</kw>
<kw name="Take Screenshot" library="Browser">
<tag>PageContent</tag>
<doc>Takes a screenshot of the current window or element and saves it to disk.</doc>
<msg timestamp="20211221 10:01:11.767" level="INFO" html="true">&lt;/td&gt;&lt;/tr&gt;&lt;tr&gt;&lt;td colspan="3"&gt;&lt;a href="browser/screenshot/robotframework-browser-screenshot-1.png"&gt;&lt;img src="browser/screenshot/robotframework-browser-screenshot-1.png" width="800px"&gt;&lt;/a&gt;</msg>
<status status="PASS" starttime="20211221 10:01:11.535" endtime="20211221 10:01:11.767"/>
</kw>
<status status="PASS" starttime="20211221 10:01:09.524" endtime="20211221 10:01:11.767"/>
</kw>
<kw name="LocalStorage Clear" library="Browser">
<tag>PageContent</tag>
<tag>Setter</tag>
<doc>Remove all saved data from the local storage.</doc>
<msg timestamp="20211221 10:01:11.775" level="INFO"/>
<status status="PASS" starttime="20211221 10:01:11.768" endtime="20211221 10:01:11.775"/>
</kw>
<kw name="Take Screenshot" library="Browser" type="TEARDOWN">
<tag>PageContent</tag>
<doc>Takes a screenshot of the current window or element and saves it to disk.</doc>
<msg timestamp="20211221 10:01:11.963" level="INFO" html="true">&lt;/td&gt;&lt;/tr&gt;&lt;tr&gt;&lt;td colspan="3"&gt;&lt;a href="browser/screenshot/robotframework-browser-screenshot-2.png"&gt;&lt;img src="browser/screenshot/robotframework-browser-screenshot-2.png" width="800px"&gt;&lt;/a&gt;</msg>
<status status="PASS" starttime="20211221 10:01:11.778" endtime="20211221 10:01:11.963"/>
</kw>
<status status="PASS" starttime="20211221 10:00:56.623" endtime="20211221 10:01:11.965"/>
</test>
<doc>Casos de atualização de alunso</doc>
<status status="PASS" starttime="20211221 10:00:43.190" endtime="20211221 10:01:11.975"/>
</suite>
<statistics>
<total>
<stat pass="1" fail="0" skip="0">All Tests</stat>
</total>
<tag>
</tag>
<suite>
<stat pass="1" fail="0" skip="0" id="s1" name="Update">Update</stat>
</suite>
</statistics>
<errors>
</errors>
</robot>
