<?xml version="1.0" encoding="UTF-8"?>
<robot generator="Robot 4.1.2 (Python 3.9.0 on win32)" generated="20211209 14:48:03.096" rpa="false" schemaversion="2">
<suite id="s1" name="Login2" source="C:\RobotExpert\bodytest\automacao\testes\login2.robot">
<test id="s1-t1" name="Login do Administrador">
<kw name="New Browser" library="Browser">
<arg>chromium</arg>
<arg>True</arg>
<tag>BrowserControl</tag>
<tag>Setter</tag>
<doc>Create a new playwright Browser with specified options.</doc>
<msg timestamp="20211209 14:48:10.750" level="INFO">{"browser": "chromium", "headless": true, "handleSIGINT": true, "handleSIGTERM": true, "handleSIGHUP": true, "timeout": 30000.0, "devtools": false, "slowMo": 0.0, "tracesDir": "C:\\RobotExpert\\bodytest\\automacao\\logs\\browser\\traces\\f8672613-be1f-45d5-9f93-0f5c548e43f3"}</msg>
<msg timestamp="20211209 14:48:16.557" level="INFO">Successfully created browser with options: {"browser":"chromium","headless":true,"handleSIGINT":true,"handleSIGTERM":true,"handleSIGHUP":true,"timeout":30000,"devtools":false,"slowMo":0,"tracesDir":"C:\\RobotExpert\\bodytest\\automacao\\logs\\browser\\traces\\f8672613-be1f-45d5-9f93-0f5c548e43f3"}</msg>
<status status="PASS" starttime="20211209 14:48:10.750" endtime="20211209 14:48:16.573"/>
</kw>
<kw name="New Page" library="Browser">
<arg>https://bodytest-web-muginoski.herokuapp.com/</arg>
<tag>BrowserControl</tag>
<tag>Setter</tag>
<doc>Open a new Page.</doc>
<msg timestamp="20211209 14:48:20.703" level="INFO">Successfully initialized new page object and opened url: https://bodytest-web-muginoski.herokuapp.com/</msg>
<msg timestamp="20211209 14:48:20.704" level="INFO">No context was open. New context was automatically opened when this page is created.</msg>
<status status="PASS" starttime="20211209 14:48:16.573" endtime="20211209 14:48:20.704"/>
</kw>
<kw name="Login With" library="auth">
<arg>admin@bodytest.com</arg>
<arg>pwd123</arg>
<kw name="Fill Text" library="Browser">
<arg>css=input[name=email]</arg>
<arg>${email}</arg>
<tag>PageContent</tag>
<tag>Setter</tag>
<doc>Clears and fills the given ``txt`` into the text field found by ``selector``.</doc>
<msg timestamp="20211209 14:48:20.706" level="INFO">Fills the text 'admin@bodytest.com' in the given field.</msg>
<status status="PASS" starttime="20211209 14:48:20.706" endtime="20211209 14:48:20.777"/>
</kw>
<kw name="Fill Text" library="Browser">
<arg>css=input[placeholder*=senha]</arg>
<arg>${password}</arg>
<tag>PageContent</tag>
<tag>Setter</tag>
<doc>Clears and fills the given ``txt`` into the text field found by ``selector``.</doc>
<msg timestamp="20211209 14:48:20.778" level="INFO">Fills the text 'pwd123' in the given field.</msg>
<status status="PASS" starttime="20211209 14:48:20.777" endtime="20211209 14:48:20.815"/>
</kw>
<kw name="Click" library="Browser">
<arg>text=Entrar</arg>
<tag>PageContent</tag>
<tag>Setter</tag>
<doc>Simulates mouse click on the element found by ``selector``.</doc>
<status status="PASS" starttime="20211209 14:48:20.815" endtime="20211209 14:48:20.885"/>
</kw>
<status status="PASS" starttime="20211209 14:48:20.705" endtime="20211209 14:48:20.885"/>
</kw>
<kw name="User Should Be Logged in" library="nav">
<arg>Administrador</arg>
<kw name="Get Text" library="Browser">
<arg>css=aside strong</arg>
<arg>should be</arg>
<arg>${user_name}</arg>
<tag>Assertion</tag>
<tag>Getter</tag>
<tag>PageContent</tag>
<doc>Returns text attribute of the element found by ``selector``.</doc>
<status status="PASS" starttime="20211209 14:48:20.887" endtime="20211209 14:48:22.187"/>
</kw>
<status status="PASS" starttime="20211209 14:48:20.886" endtime="20211209 14:48:22.187"/>
</kw>
<kw name="Take Screenshot" library="Browser">
<tag>PageContent</tag>
<doc>Takes a screenshot of the current window or element and saves it to disk.</doc>
<msg timestamp="20211209 14:48:22.443" level="INFO" html="true">&lt;/td&gt;&lt;/tr&gt;&lt;tr&gt;&lt;td colspan="3"&gt;&lt;a href="browser/screenshot/robotframework-browser-screenshot-1.png"&gt;&lt;img src="browser/screenshot/robotframework-browser-screenshot-1.png" width="800px"&gt;&lt;/a&gt;</msg>
<status status="PASS" starttime="20211209 14:48:22.203" endtime="20211209 14:48:22.443"/>
</kw>
<tag>admin</tag>
<status status="PASS" starttime="20211209 14:48:10.735" endtime="20211209 14:48:22.459"/>
</test>
<doc>Suite de testes dos cenários de Login do Administrador</doc>
<status status="PASS" starttime="20211209 14:48:03.112" endtime="20211209 14:48:22.539"/>
</suite>
<statistics>
<total>
<stat pass="1" fail="0" skip="0">All Tests</stat>
</total>
<tag>
<stat pass="1" fail="0" skip="0">admin</stat>
</tag>
<suite>
<stat pass="1" fail="0" skip="0" id="s1" name="Login2">Login2</stat>
</suite>
</statistics>
<errors>
</errors>
</robot>
